0    DEBUG [2013-12-25 01:29:47]  Request:
0    DEBUG [2013-12-25 01:29:47]  POSThttps://api.weibo.com/2/statuses/update.json
60   DEBUG [2013-12-25 01:29:47]  Authorization: OAuth2 2.00sd2jTCi8kubC8627e857ea0KIS6x
64   DEBUG [2013-12-25 01:29:47]  API-RemoteIP: 169.254.223.61
766  DEBUG [2013-12-25 01:29:48]  Response:
766  DEBUG [2013-12-25 01:29:48]  https StatusCode:200
766  DEBUG [2013-12-25 01:29:48]  Server:nginx/1.2.0
766  DEBUG [2013-12-25 01:29:48]  Date:Tue, 24 Dec 2013 17:29:46 GMT
766  DEBUG [2013-12-25 01:29:48]  Content-Type:application/json;charset=UTF-8
766  DEBUG [2013-12-25 01:29:48]  Transfer-Encoding:chunked
766  DEBUG [2013-12-25 01:29:48]  Connection:keep-alive
766  DEBUG [2013-12-25 01:29:48]  Api-Server-IP:10.77.108.56
767  DEBUG [2013-12-25 01:29:48]  Vary:Accept-Encoding
793  WARN  [2013-12-25 01:29:48]  Going to buffer response body of large or unknown size. Using getResponseBodyAsStream instead is recommended.
794  DEBUG [2013-12-25 01:29:48]  {"created_at":"Wed Dec 25 01:29:45 +0800 2013","id":3659206118679300,"mid":"3659206118679300","idstr":"3659206118679300","text":"hello","source":"<a href=\"http://open.weibo.com\" rel=\"nofollow\">未通过审核应用</a>","favorited":false,"truncated":false,"in_reply_to_status_id":"","in_reply_to_user_id":"","in_reply_to_screen_name":"","pic_urls":[],"geo":null,"user":{"id":2271587364,"idstr":"2271587364","class":1,"screen_name":"风聆尺素","name":"风聆尺素","province":"32","city":"9","location":"江苏 盐城","description":"","url":"","profile_image_url":"http://tp1.sinaimg.cn/2271587364/50/5606966675/1","profile_url":"u/2271587364","domain":"","weihao":"","gender":"m","followers_count":8,"friends_count":10,"statuses_count":35,"favourites_count":1,"created_at":"Wed Jul 27 20:28:43 +0800 2011","following":false,"allow_all_act_msg":false,"geo_enabled":true,"verified":false,"verified_type":-1,"remark":"","ptype":0,"allow_all_comment":true,"avatar_large":"http://tp1.sinaimg.cn/2271587364/180/5606966675/1","avatar_hd":"http://tp1.sinaimg.cn/2271587364/180/5606966675/1","verified_reason":"","follow_me":false,"online_status":0,"bi_followers_count":0,"lang":"zh-cn","star":0,"mbtype":0,"mbrank":0,"block_word":0},"reposts_count":0,"comments_count":0,"attitudes_count":0,"mlevel":0,"visible":{"type":0,"list_id":0}}

0    DEBUG [2013-12-25 03:23:01]  Request:
1    DEBUG [2013-12-25 03:23:01]  POSThttps://api.weibo.com/2/statuses/update.json
62   DEBUG [2013-12-25 03:23:01]  Authorization: OAuth2 2.00sd2jTCi8kubC8627e857ea0KIS6x
62   DEBUG [2013-12-25 03:23:01]  API-RemoteIP: 169.254.223.61
1020 DEBUG [2013-12-25 03:23:02]  Response:
1020 DEBUG [2013-12-25 03:23:02]  https StatusCode:200
1020 DEBUG [2013-12-25 03:23:02]  Server:nginx/1.2.0
1020 DEBUG [2013-12-25 03:23:02]  Date:Tue, 24 Dec 2013 19:22:59 GMT
1020 DEBUG [2013-12-25 03:23:02]  Content-Type:application/json;charset=UTF-8
1020 DEBUG [2013-12-25 03:23:02]  Transfer-Encoding:chunked
1020 DEBUG [2013-12-25 03:23:02]  Connection:keep-alive
1020 DEBUG [2013-12-25 03:23:02]  Api-Server-IP:10.77.108.49
1020 DEBUG [2013-12-25 03:23:02]  Vary:Accept-Encoding
1022 WARN  [2013-12-25 03:23:02]  Going to buffer response body of large or unknown size. Using getResponseBodyAsStream instead is recommended.
1023 DEBUG [2013-12-25 03:23:02]  {"created_at":"Wed Dec 25 03:22:59 +0800 2013","id":3659234610400123,"mid":"3659234610400123","idstr":"3659234610400123","text":"hello","source":"<a href=\"http://open.weibo.com\" rel=\"nofollow\">未通过审核应用</a>","favorited":false,"truncated":false,"in_reply_to_status_id":"","in_reply_to_user_id":"","in_reply_to_screen_name":"","pic_urls":[],"geo":null,"user":{"id":2271587364,"idstr":"2271587364","class":1,"screen_name":"风聆尺素","name":"风聆尺素","province":"32","city":"9","location":"江苏 盐城","description":"","url":"","profile_image_url":"http://tp1.sinaimg.cn/2271587364/50/5606966675/1","profile_url":"u/2271587364","domain":"","weihao":"","gender":"m","followers_count":8,"friends_count":10,"statuses_count":35,"favourites_count":1,"created_at":"Wed Jul 27 20:28:43 +0800 2011","following":false,"allow_all_act_msg":false,"geo_enabled":true,"verified":false,"verified_type":-1,"remark":"","ptype":0,"allow_all_comment":true,"avatar_large":"http://tp1.sinaimg.cn/2271587364/180/5606966675/1","avatar_hd":"http://tp1.sinaimg.cn/2271587364/180/5606966675/1","verified_reason":"","follow_me":false,"online_status":0,"bi_followers_count":0,"lang":"zh-cn","star":0,"mbtype":0,"mbrank":0,"block_word":0},"reposts_count":0,"comments_count":0,"attitudes_count":0,"mlevel":0,"visible":{"type":0,"list_id":0}}

0    DEBUG [2013-12-25 03:50:32]  Request:
1    DEBUG [2013-12-25 03:50:32]  POSThttps://api.weibo.com/2/statuses/update.json
65   DEBUG [2013-12-25 03:50:32]  Authorization: OAuth2 2.00sd2jTCi8kubC8627e857ea0KIS6x
65   DEBUG [2013-12-25 03:50:32]  API-RemoteIP: 169.254.223.61
827  DEBUG [2013-12-25 03:50:33]  Response:
827  DEBUG [2013-12-25 03:50:33]  https StatusCode:200
827  DEBUG [2013-12-25 03:50:33]  Server:nginx/1.2.0
827  DEBUG [2013-12-25 03:50:33]  Date:Tue, 24 Dec 2013 19:50:31 GMT
827  DEBUG [2013-12-25 03:50:33]  Content-Type:application/json;charset=UTF-8
827  DEBUG [2013-12-25 03:50:33]  Transfer-Encoding:chunked
827  DEBUG [2013-12-25 03:50:33]  Connection:keep-alive
827  DEBUG [2013-12-25 03:50:33]  Api-Server-IP:10.77.108.42
827  DEBUG [2013-12-25 03:50:33]  Vary:Accept-Encoding
829  WARN  [2013-12-25 03:50:33]  Going to buffer response body of large or unknown size. Using getResponseBodyAsStream instead is recommended.
830  DEBUG [2013-12-25 03:50:33]  {"created_at":"Wed Dec 25 03:50:30 +0800 2013","id":3659241539710162,"mid":"3659241539710162","idstr":"3659241539710162","text":"hello","source":"<a href=\"http://open.weibo.com\" rel=\"nofollow\">未通过审核应用</a>","favorited":false,"truncated":false,"in_reply_to_status_id":"","in_reply_to_user_id":"","in_reply_to_screen_name":"","pic_urls":[],"geo":null,"user":{"id":2271587364,"idstr":"2271587364","class":1,"screen_name":"风聆尺素","name":"风聆尺素","province":"32","city":"9","location":"江苏 盐城","description":"","url":"","profile_image_url":"http://tp1.sinaimg.cn/2271587364/50/5606966675/1","profile_url":"u/2271587364","domain":"","weihao":"","gender":"m","followers_count":8,"friends_count":10,"statuses_count":35,"favourites_count":1,"created_at":"Wed Jul 27 20:28:43 +0800 2011","following":false,"allow_all_act_msg":false,"geo_enabled":true,"verified":false,"verified_type":-1,"remark":"","ptype":0,"allow_all_comment":true,"avatar_large":"http://tp1.sinaimg.cn/2271587364/180/5606966675/1","avatar_hd":"http://tp1.sinaimg.cn/2271587364/180/5606966675/1","verified_reason":"","follow_me":false,"online_status":0,"bi_followers_count":0,"lang":"zh-cn","star":0,"mbtype":0,"mbrank":0,"block_word":0},"reposts_count":0,"comments_count":0,"attitudes_count":0,"mlevel":0,"visible":{"type":0,"list_id":0}}

0    DEBUG [2013-12-25 03:54:33]  Request:
0    DEBUG [2013-12-25 03:54:33]  POSThttps://api.weibo.com/2/statuses/update.json
71   DEBUG [2013-12-25 03:54:33]  Authorization: OAuth2 2.00sd2jTCi8kubC8627e857ea0KIS6x
72   DEBUG [2013-12-25 03:54:33]  API-RemoteIP: 169.254.223.61
728  DEBUG [2013-12-25 03:54:34]  Response:
728  DEBUG [2013-12-25 03:54:34]  https StatusCode:200
728  DEBUG [2013-12-25 03:54:34]  Server:nginx/1.2.0
728  DEBUG [2013-12-25 03:54:34]  Date:Tue, 24 Dec 2013 19:54:32 GMT
728  DEBUG [2013-12-25 03:54:34]  Content-Type:application/json;charset=UTF-8
728  DEBUG [2013-12-25 03:54:34]  Transfer-Encoding:chunked
728  DEBUG [2013-12-25 03:54:34]  Connection:keep-alive
728  DEBUG [2013-12-25 03:54:34]  Api-Server-IP:10.77.108.43
728  DEBUG [2013-12-25 03:54:34]  Vary:Accept-Encoding
730  WARN  [2013-12-25 03:54:34]  Going to buffer response body of large or unknown size. Using getResponseBodyAsStream instead is recommended.
731  DEBUG [2013-12-25 03:54:34]  {"created_at":"Wed Dec 25 03:54:31 +0800 2013","id":3659242545967504,"mid":"3659242545967504","idstr":"3659242545967504","text":"hello","source":"<a href=\"http://open.weibo.com\" rel=\"nofollow\">未通过审核应用</a>","favorited":false,"truncated":false,"in_reply_to_status_id":"","in_reply_to_user_id":"","in_reply_to_screen_name":"","pic_urls":[],"geo":null,"user":{"id":2271587364,"idstr":"2271587364","class":1,"screen_name":"风聆尺素","name":"风聆尺素","province":"32","city":"9","location":"江苏 盐城","description":"","url":"","profile_image_url":"http://tp1.sinaimg.cn/2271587364/50/5606966675/1","profile_url":"u/2271587364","domain":"","weihao":"","gender":"m","followers_count":8,"friends_count":10,"statuses_count":35,"favourites_count":1,"created_at":"Wed Jul 27 20:28:43 +0800 2011","following":false,"allow_all_act_msg":false,"geo_enabled":true,"verified":false,"verified_type":-1,"remark":"","ptype":0,"allow_all_comment":true,"avatar_large":"http://tp1.sinaimg.cn/2271587364/180/5606966675/1","avatar_hd":"http://tp1.sinaimg.cn/2271587364/180/5606966675/1","verified_reason":"","follow_me":false,"online_status":0,"bi_followers_count":0,"lang":"zh-cn","star":0,"mbtype":0,"mbrank":0,"block_word":0},"reposts_count":0,"comments_count":0,"attitudes_count":0,"mlevel":0,"visible":{"type":0,"list_id":0}}

0    DEBUG [2013-12-25 03:56:10]  Request:
0    DEBUG [2013-12-25 03:56:10]  POSThttps://api.weibo.com/2/statuses/update.json
60   DEBUG [2013-12-25 03:56:10]  Authorization: OAuth2 2.00sd2jTCi8kubC8627e857ea0KIS6x
62   DEBUG [2013-12-25 03:56:10]  API-RemoteIP: 169.254.223.61
702  DEBUG [2013-12-25 03:56:10]  Response:
702  DEBUG [2013-12-25 03:56:10]  https StatusCode:200
702  DEBUG [2013-12-25 03:56:10]  Server:nginx/1.2.0
702  DEBUG [2013-12-25 03:56:10]  Date:Tue, 24 Dec 2013 19:56:08 GMT
703  DEBUG [2013-12-25 03:56:10]  Content-Type:application/json;charset=UTF-8
703  DEBUG [2013-12-25 03:56:10]  Transfer-Encoding:chunked
703  DEBUG [2013-12-25 03:56:10]  Connection:keep-alive
703  DEBUG [2013-12-25 03:56:10]  Api-Server-IP:10.77.108.41
703  DEBUG [2013-12-25 03:56:10]  Vary:Accept-Encoding
705  WARN  [2013-12-25 03:56:10]  Going to buffer response body of large or unknown size. Using getResponseBodyAsStream instead is recommended.
707  DEBUG [2013-12-25 03:56:10]  {"created_at":"Wed Dec 25 03:56:08 +0800 2013","id":3659242952825233,"mid":"3659242952825233","idstr":"3659242952825233","text":"asdf","source":"<a href=\"http://open.weibo.com\" rel=\"nofollow\">未通过审核应用</a>","favorited":false,"truncated":false,"in_reply_to_status_id":"","in_reply_to_user_id":"","in_reply_to_screen_name":"","pic_urls":[],"geo":null,"user":{"id":2271587364,"idstr":"2271587364","class":1,"screen_name":"风聆尺素","name":"风聆尺素","province":"32","city":"9","location":"江苏 盐城","description":"","url":"","profile_image_url":"http://tp1.sinaimg.cn/2271587364/50/5606966675/1","profile_url":"u/2271587364","domain":"","weihao":"","gender":"m","followers_count":8,"friends_count":10,"statuses_count":35,"favourites_count":1,"created_at":"Wed Jul 27 20:28:43 +0800 2011","following":false,"allow_all_act_msg":false,"geo_enabled":true,"verified":false,"verified_type":-1,"remark":"","ptype":0,"allow_all_comment":true,"avatar_large":"http://tp1.sinaimg.cn/2271587364/180/5606966675/1","avatar_hd":"http://tp1.sinaimg.cn/2271587364/180/5606966675/1","verified_reason":"","follow_me":false,"online_status":0,"bi_followers_count":0,"lang":"zh-cn","star":0,"mbtype":0,"mbrank":0,"block_word":0},"reposts_count":0,"comments_count":0,"attitudes_count":0,"mlevel":0,"visible":{"type":0,"list_id":0}}

0    DEBUG [2013-12-25 06:28:32]  Request:
1    DEBUG [2013-12-25 06:28:32]  POSThttps://api.weibo.com/2/statuses/update.json
69   DEBUG [2013-12-25 06:28:32]  Authorization: OAuth2 2.00sd2jTChYv6CB333ac17dea0EErRe
69   DEBUG [2013-12-25 06:28:32]  API-RemoteIP: 169.254.223.61
791  DEBUG [2013-12-25 06:28:32]  Response:
792  DEBUG [2013-12-25 06:28:32]  https StatusCode:200
792  DEBUG [2013-12-25 06:28:32]  Server:nginx/1.2.0
792  DEBUG [2013-12-25 06:28:32]  Date:Tue, 24 Dec 2013 22:28:30 GMT
792  DEBUG [2013-12-25 06:28:32]  Content-Type:application/json;charset=UTF-8
792  DEBUG [2013-12-25 06:28:32]  Transfer-Encoding:chunked
792  DEBUG [2013-12-25 06:28:32]  Connection:keep-alive
792  DEBUG [2013-12-25 06:28:32]  Api-Server-IP:10.77.108.39
792  DEBUG [2013-12-25 06:28:32]  Vary:Accept-Encoding
794  WARN  [2013-12-25 06:28:32]  Going to buffer response body of large or unknown size. Using getResponseBodyAsStream instead is recommended.
795  DEBUG [2013-12-25 06:28:32]  {"created_at":"Wed Dec 25 06:28:30 +0800 2013","id":3659281297130164,"mid":"3659281297130164","idstr":"3659281297130164","text":"What a fuck!","source":"<a href=\"http://open.weibo.com\" rel=\"nofollow\">未通过审核应用</a>","favorited":false,"truncated":false,"in_reply_to_status_id":"","in_reply_to_user_id":"","in_reply_to_screen_name":"","pic_urls":[],"geo":null,"user":{"id":2271587364,"idstr":"2271587364","class":1,"screen_name":"风聆尺素","name":"风聆尺素","province":"32","city":"9","location":"江苏 盐城","description":"","url":"","profile_image_url":"http://tp1.sinaimg.cn/2271587364/50/5606966675/1","profile_url":"u/2271587364","domain":"","weihao":"","gender":"m","followers_count":8,"friends_count":10,"statuses_count":35,"favourites_count":1,"created_at":"Wed Jul 27 20:28:43 +0800 2011","following":false,"allow_all_act_msg":false,"geo_enabled":true,"verified":false,"verified_type":-1,"remark":"","ptype":0,"allow_all_comment":true,"avatar_large":"http://tp1.sinaimg.cn/2271587364/180/5606966675/1","avatar_hd":"http://tp1.sinaimg.cn/2271587364/180/5606966675/1","verified_reason":"","follow_me":false,"online_status":0,"bi_followers_count":0,"lang":"zh-cn","star":0,"mbtype":0,"mbrank":0,"block_word":0},"reposts_count":0,"comments_count":0,"attitudes_count":0,"mlevel":0,"visible":{"type":0,"list_id":0}}

811  INFO  [2013-12-25 06:28:32]  Status [user=User [id=2271587364, screenName=风聆尺素, name=风聆尺素, province=32, city=9, location=江苏 盐城, description=, url=, profileImageUrl=http://tp1.sinaimg.cn/2271587364/50/5606966675/1, userDomain=, gender=m, followersCount=8, friendsCount=10, statusesCount=35, favouritesCount=1, createdAt=Wed Jul 27 20:28:43 CST 2011, following=false, verified=false, verifiedType=-1, allowAllActMsg=false, allowAllComment=true, followMe=false, avatarLarge=http://tp1.sinaimg.cn/2271587364/180/5606966675/1, onlineStatus=0, status=null, biFollowersCount=0, remark=null, lang=zh-cn, verifiedReason=, weihao=, statusId=], idstr=3659281297130164, createdAt=Wed Dec 25 06:28:30 CST 2013, id=3659281297130164, text=What a fuck!, source=Source [url=http://open.weibo.com, relationShip=nofollow, name=未通过审核应用], favorited=false, truncated=false, inReplyToStatusId=-1, inReplyToUserId=-1, inReplyToScreenName=, thumbnailPic=, bmiddlePic=, originalPic=, retweetedStatus=null, geo=null, latitude=-1.0, longitude=-1.0, repostsCount=0, commentsCount=0, mid=3659281297130164, annotations=, mlevel=0, visible=Visible [type=0, list_id=0]]
